<?xml version="1.0" encoding="UTF-8"?>
<testng-results skipped="0" failed="0" ignored="0" total="1" passed="1">
  <reporter-output>
  </reporter-output>
  <suite name="jenkinstest.TestngTest" duration-ms="147" started-at="2020-09-02T16:52:57 IST" finished-at="2020-09-02T16:52:57 IST">
    <groups>
    </groups>
    <test name="Command line test" duration-ms="147" started-at="2020-09-02T16:52:57 IST" finished-at="2020-09-02T16:52:57 IST">
      <class name="jenkinstest.TestngTest">
        <test-method status="PASS" signature="testing()[pri:0, instance:jenkinstest.TestngTest@5e3a8624]" name="testing" duration-ms="11" started-at="2020-09-02T16:52:57 IST" finished-at="2020-09-02T16:52:57 IST">
          <reporter-output>
          </reporter-output>
        </test-method> <!-- testing -->
      </class> <!-- jenkinstest.TestngTest -->
    </test> <!-- Command line test -->
  </suite> <!-- jenkinstest.TestngTest -->
</testng-results>
